Determining if the pthread_create exist failed with the following output:
Change Dir: /home/michael/Desktop/Intell_driving/ROS_Intell_Driving/build/CMakeFiles/CMakeTmp

Run Build Command:"/usr/bin/make" "cmTC_67435/fast"
/usr/bin/make -f CMakeFiles/cmTC_67435.dir/build.make CMakeFiles/cmTC_67435.dir/build
make[1]: Entering directory `/home/michael/Desktop/Intell_driving/ROS_Intell_Driving/build/CMakeFiles/CMakeTmp'
Building C object CMakeFiles/cmTC_67435.dir/CheckSymbolExists.c.o
/usr/bin/cc    -o CMakeFiles/cmTC_67435.dir/CheckSymbolExists.c.o   -c /home/michael/Desktop/Intell_driving/ROS_Intell_Driving/build/CMakeFiles/CMakeTmp/CheckSymbolExists.c
Linking C executable cmTC_67435
/usr/local/bin/cmake -E cmake_link_script CMakeFiles/cmTC_67435.dir/link.txt --verbose=1
/usr/bin/cc      -rdynamic CMakeFiles/cmTC_67435.dir/CheckSymbolExists.c.o  -o cmTC_67435 
CMakeFiles/cmTC_67435.dir/CheckSymbolExists.c.o: In function `main':
CheckSymbolExists.c:(.text+0x16): undefined reference to `pthread_create'
collect2: error: ld returned 1 exit status
make[1]: *** [cmTC_67435] Error 1
make[1]: Leaving directory `/home/michael/Desktop/Intell_driving/ROS_Intell_Driving/build/CMakeFiles/CMakeTmp'
make: *** [cmTC_67435/fast] Error 2

File /home/michael/Desktop/Intell_driving/ROS_Intell_Driving/build/CMakeFiles/CMakeTmp/CheckSymbolExists.c:
/* */
#include <pthread.h>

int main(int argc, char** argv)
{
  (void)argv;
#ifndef pthread_create
  return ((int*)(&pthread_create))[argc];
#else
  (void)argc;
  return 0;
#endif
}

Determining if the function pthread_create exists in the pthreads failed with the following output:
Change Dir: /home/michael/Desktop/Intell_driving/ROS_Intell_Driving/build/CMakeFiles/CMakeTmp

Run Build Command:"/usr/bin/make" "cmTC_ef803/fast"
/usr/bin/make -f CMakeFiles/cmTC_ef803.dir/build.make CMakeFiles/cmTC_ef803.dir/build
make[1]: Entering directory `/home/michael/Desktop/Intell_driving/ROS_Intell_Driving/build/CMakeFiles/CMakeTmp'
Building C object CMakeFiles/cmTC_ef803.dir/CheckFunctionExists.c.o
/usr/bin/cc   -DCHECK_FUNCTION_EXISTS=pthread_create   -o CMakeFiles/cmTC_ef803.dir/CheckFunctionExists.c.o   -c /usr/local/share/cmake-3.12/Modules/CheckFunctionExists.c
Linking C executable cmTC_ef803
/usr/local/bin/cmake -E cmake_link_script CMakeFiles/cmTC_ef803.dir/link.txt --verbose=1
/usr/bin/cc  -DCHECK_FUNCTION_EXISTS=pthread_create    -rdynamic CMakeFiles/cmTC_ef803.dir/CheckFunctionExists.c.o  -o cmTC_ef803 -lpthreads 
/usr/bin/ld: cannot find -lpthreads
collect2: error: ld returned 1 exit status
make[1]: *** [cmTC_ef803] Error 1
make[1]: Leaving directory `/home/michael/Desktop/Intell_driving/ROS_Intell_Driving/build/CMakeFiles/CMakeTmp'
make: *** [cmTC_ef803/fast] Error 2


